1568538059733	mozrunner::runner	INFO	Running command: "C:\\Program Files\\Firefox Developer Edition\\firefox.exe" "-marionette" "-foreground" "-no-remote" "-profile" "C:\\Users\\Sedigheh\\AppData\\Local\\Temp\\rust_mozprofileyIkTI2"
1568538061883	addons.webextension.screenshots@mozilla.org	WARN	Loading extension 'screenshots@mozilla.org': Reading manifest: Invalid extension permission: mozillaAddons
1568538061883	addons.webextension.screenshots@mozilla.org	WARN	Loading extension 'screenshots@mozilla.org': Reading manifest: Invalid extension permission: telemetry
1568538061884	addons.webextension.screenshots@mozilla.org	WARN	Loading extension 'screenshots@mozilla.org': Reading manifest: Invalid extension permission: resource://pdf.js/
1568538061884	addons.webextension.screenshots@mozilla.org	WARN	Loading extension 'screenshots@mozilla.org': Reading manifest: Invalid extension permission: about:reader*
JavaScript error: resource://gre/modules/XULStore.jsm, line 66: Error: Can't find profile directory.
1568538064299	Marionette	INFO	Listening on port 57067
1568538064575	Marionette	WARN	TLS certificate errors will be ignored for this session
JavaScript warning: http://www.tsetmc.com/loader.aspx?ParTree=151311&i=14398278072324784, line 4: unreachable code after return statement
JavaScript warning: http://www.tsetmc.com/loader.aspx?ParTree=151311&i=14398278072324784, line 1: unreachable code after return statement
JavaScript warning: http://www.tsetmc.com/loader.aspx?ParTree=151311&i=14398278072324784 line 1 > scriptElement, line 1: unreachable code after return statement
JavaScript warning: http://www.tsetmc.com/loader.aspx?ParTree=151311&i=14398278072324784 line 1 > scriptElement, line 4: unreachable code after return statement
SourceActor threw an exception: [Exception... "Failed to open input source 'file:///'"  nsresult: "0x80004005 (NS_ERROR_FAILURE)"  location: "JS frame :: resource://devtools/shared/DevToolsUtils.js :: mainThreadFetch/< :: line 678"  data: yes]
Stack: mainThreadFetch/<@resource://devtools/shared/DevToolsUtils.js:678:15
mainThreadFetch@resource://devtools/shared/DevToolsUtils.js:530:10
_fetchURLContents@resource://devtools/server/actors/utils/TabSources.js:580:22
urlContents@resource://devtools/server/actors/utils/TabSources.js:547:17
_resurrectSource@resource://devtools/server/actors/thread.js:2033:69
addAllSources@resource://devtools/server/actors/thread.js:1334:14
onSources@resource://devtools/server/actors/thread.js:1340:10
onPacket@resource://devtools/server/debugger-server-connection.js:378:58
receiveMessage@resource://devtools/shared/transport/child-transport.js:66:16
Line: 678, column: 0
console.error: ({})
JavaScript error: resource://devtools/shared/DevToolsUtils.js, line 678: NS_ERROR_FAILURE: Failed to open input source 'file:///'
[Parent 19388, Gecko_IOThread] WARNING: pipe error: 109: file z:/task_1568047110/build/src/ipc/chromium/src/chrome/common/ipc_channel_win.cc, line 341
[Child 18124, Chrome_ChildThread] WARNING: pipe error: 109: file z:/task_1568047110/build/src/ipc/chromium/src/chrome/common/ipc_channel[Chil_dwin.cc, line 341 10752
, Chrome_Chi[ChilldThread] WARNING: pipe error: 109: file z:/task_1568047110/build/src/ipc/chromium/src/chrome/common/ipc_channel_win.cc, line 341
[Child 1[Parent 19388, Gecko_IOThread] WARNING: pipe error: 109: file z:/task_1568047110/build/src/ipc/chromium/src/chrome/common/ipc_channel_win.cc, line 341
1568538901597	Marionette	INFO	Stopped listening on port 57067
[
###!!! [Child][MessageChannel::SendAndWait] Error: Channel error: cannot send/recv

esource://pdf.js/
1568538896326	addons.webextension.screenshots@mozilla.org	WARN	Loading extension 'screenshots@mozilla.org': Reading manifest: Invalid extension permission: about:reader*
JavaScript error: resource://gre/modules/XULStore.jsm, line 66: Error: Can't find profile directory.
1568538899339	Marionette	INFO	Listening on port 57536
1568538899392	Marionette	WARN	TLS certificate errors will be ignored for this session
JavaScript error: resource://gre/modules/XULStore.jsm, line 66: Error: Can't find profile directory.
Exiting due to channel error.
	INFO	Running command: "C:\\Program Files\\Firefox Developer Edition\\firefox.exe" "-marionette" "-headless" "-foreground" "-no-remote" "-profile" "C:\\Users\\Sedigheh\\AppData\\Local\\Temp\\rust_mozprofile3YBdKy"
*** You are running in headless mode.
1568538958378	addons.webextension.screenshots@mozilla.org	WARN	Loading extension 'screenshots@mozilla.org': Reading manifest: Invalid extension permission: mozillaAddons
1568538958379	addons.webextension.screenshots@mozilla.org	WARN	Loading extension 'screenshots@mozilla.org': Reading manifest: Invalid extension permission: telemetry
1568538958379	addons.webextension.screenshots@mozilla.org	WARN	Loading extension 'screenshots@mozilla.org': Reading manifest: Invalid extension permission: resource://pdf.js/
1568538958379	addons.webextension.screenshots@mozilla.org	WARN	Loading extension 'screenshots@mozilla.org': Reading manifest: Invalid extension permission: about:reader*
JavaScript error: resource://gre/modules/XULStore.jsm, line 66: Error: Can't find profile directory.
1568538961607	Marionette	INFO	Listening on port 57584
1568538961676	Marionette	WARN	TLS certificate errors will be ignored for this session
JavaScript error: resource://gre/modules/XULStore.jsm, line 66: Error: Can't find profile directory.
1568539100163	mozrunner::runner	INFO	Running command: "C:\\Program Files\\Firefox Developer Edition\\firefox.exe" "-marionette" "-foreground" "-no-remote" "-profile" "C:\\Users\\Sedigheh\\AppData\\Local\\Temp\\rust_mozprofileXZPzTe"
1568539101119	addons.webextension.screenshots@mozilla.org	WARN	Loading extension 'screenshots@mozilla.org': Reading manifest: Invalid extension permission: mozillaAddons
1568539101119	addons.webextension.screenshots@mozilla.org	WARN	Loading extension 'screenshots@mozilla.org': Reading manifest: Invalid extension permission: telemetry
1568539101120	addons.webextension.screenshots@mozilla.org	WARN	Loading extension 'screenshots@mozilla.org': Reading manifest: Invalid extension permission: resource://pdf.js/
1568539101120	addons.webextension.screenshots@mozilla.org	WARN	Loading extension 'screenshots@mozilla.org': Reading manifest: Invalid extension permission: about:reader*
JavaScript error: resource://gre/modules/XULStore.jsm, line 66: Error: Can't find profile directory.
1568539103757	Marionette	INFO	Listening on port 57652
1568539103920	Marionette	WARN	TLS certificate errors will be ignored for this session
JavaScript warning: http://www.tsetmc.com/loader.aspx?ParTree=151311&i=14398278072324784, line 4: unreachable code after return statement
JavaScript warning: http://www.tsetmc.com/loader.aspx?ParTree=151311&i=14398278072324784, line 1: unreachable code after return statement
JavaScript warning: http://www.tsetmc.com/loader.aspx?ParTree=151311&i=14398278072324784 line 1 > scriptElement, line 1: unreachable code after return statement
JavaScript warning: http://www.tsetmc.com/loader.aspx?ParTree=151311&i=14398278072324784 line 1 > scriptElement, line 4: unreachable code after return statement
JavaScript warning: http://www.tsetmc.com/loader.aspx?ParTree=151311&i=14398278072324784 line 1 > scriptElement, line 4: unreachable code after return statement
1568540641911	Marionette	INFO	Stopped listening on port 57652
[Parent 12908, Gecko_IOThread] WARNING: pipe error: 109: file z:/task_1568047110/build/src/ipc/chromium/src/chrome/common/ipc_channel_win.cc, line 341
[Child 19556, Chrome_ChildThread] WARNING: pipe error: 109: file z:/task_1568047110/build/src/ipc/chromium/src/chrome/common/ipc_channel_win.cc, line 341
[Child 19[Parent 12908, Gecko_IOThread] WARNING: pipe error: 109: file z:/task_1568047110/build/src/ipc/chromium/src/chrome/common/ipc_channel_win.cc, line 341
[Child 15516, Chrome_ChildThread] WARNING: pipe error: 109: file z:/task_1568047110/build/src/ipc/chromium/src/chrome/common/ipc_channel_win.cc, line 341
[Child 
###!!! [Child][RunMessage] Error: Channel closing: too late to send/recv, messages will be lost

[
###!!! [Child][MessageChannel::SendAndWait] Error: Channel error: cannot send/recv

1568540746735	mozrunner::runner	INFO	Running command: "C:\\Program Files\\Firefox Developer Edition\\firefox.exe" "-marionette" "-foreground" "-no-remote" "-profile" "C:\\Users\\Sedigheh\\AppData\\Local\\Temp\\rust_mozprofileh1oMmG"
1568540747614	addons.webextension.screenshots@mozilla.org	WARN	Loading extension 'screenshots@mozilla.org': Reading manifest: Invalid extension permission: mozillaAddons
1568540747614	addons.webextension.screenshots@mozilla.org	WARN	Loading extension 'screenshots@mozilla.org': Reading manifest: Invalid extension permission: telemetry
1568540747614	addons.webextension.screenshots@mozilla.org	WARN	Loading extension 'screenshots@mozilla.org': Reading manifest: Invalid extension permission: resource://pdf.js/
1568540747614	addons.webextension.screenshots@mozilla.org	WARN	Loading extension 'screenshots@mozilla.org': Reading manifest: Invalid extension permission: about:reader*
JavaScript error: resource://gre/modules/XULStore.jsm, line 66: Error: Can't find profile directory.
1568540750378	Marionette	INFO	Listening on port 58414
1568540750428	Marionette	WARN	TLS certificate errors will be ignored for this session
JavaScript error: resource://gre/modules/XULStore.jsm, line 66: Error: Can't find profile directory.
[Parent 13072, Gecko_IOThread] WARNING: pipe error: 109: file z:/task_1568047110/build/src/ipc/chromium/src/chrome/common/ipc_channel_win.cc, line 341
[Child 1900, Chrome_ChildThread] WARNING: pipe error: 109: file z:/task_1568047110/build/src/ipc/chromium/src/chrome/common/ipc_channel_win.cc, line 341
[Child 196[24, ChrCome_ChildThread] WARNING: pipe error: 109: file z:/task_1568047110/build/src/ipc/chromium/src/chrome/common/ipc_channel_win.cc, line 341
[Child 19624, Chro[Parent 13072, Gecko_IOThread] WARNING: pipe error: 109: file z:/task_1568047110/build/src/ipc/chromium/src/chrome/common/ipc_channel_win.cc, line 341
[Child 19604, Chrome_ChildThread] WARNING: pipe error: 109: file z:/task_1568047110/build/src/ipc/chromium/src/chrome/common/ipc_channel_win.cc, line 341
[Child 191568540942245	Marionette	INFO	Stopped listening on port 58414
[GPU 19884,
###!!! [Child][RunMessage] Error: Channel closing: too late to send/recv, messages will be lost

aScript error: resource://gre/modules/XULStore.jsm, line 66: Error: Can't find profile directory.
1568540874716	Marionette	INFO	Listening on port 58476
1568540875045	Marionette	WARN	TLS certificate errors will be ignored for this session
JavaScript error: resource://gre/modules/XULStore.jsm, line 66: Error: Can't find profile directory.
Exiting due to channel error.
	INFO	Running command: "C:\\Program Files\\Firefox Developer Edition\\firefox.exe" "-marionette" "-foreground" "-no-remote" "-profile" "C:\\Users\\Sedigheh\\AppData\\Local\\Temp\\rust_mozprofile3xy6Rj"
1568540921045	addons.webextension.screenshots@mozilla.org	WARN	Loading extension 'screenshots@mozilla.org': Reading manifest: Invalid extension permission: mozillaAddons
1568540921046	addons.webextension.screenshots@mozilla.org	WARN	Loading extension 'screenshots@mozilla.org': Reading manifest: Invalid extension permission: telemetry
1568540921046	addons.webextension.screenshots@mozilla.org	WARN	Loading extension 'screenshots@mozilla.org': Reading manifest: Invalid extension permission: resource://pdf.js/
1568540921046	addons.webextension.screenshots@mozilla.org	WARN	Loading extension 'screenshots@mozilla.org': Reading manifest: Invalid extension permission: about:reader*
JavaScript error: resource://gre/modules/XULStore.jsm, line 66: Error: Can't find profile directory.
1568540923606	Marionette	INFO	Listening on port 58522
1568540923670	Marionette	WARN	TLS certificate errors will be ignored for this session
[Child 23336, Chrome_ChildThread] WARNING: pipe error: 109: file z:/task_1568047110/build/src/ipc/chromium/src/chrome/common/ipc_channel_win.cc, line 341
[Child 23[Child 2432, Chrome_ChildThread] WARNING: pipe error: 109: file z:/task_1568047110/build/src/ipc/chromium/src/chrome/common/ipc_channel_win.cc, line 341
[Child 243[Parent 19704, Gecko_IOThread] WARNING: pipe error: 109: file z:/task_1568047110/build/src/ipc/chromium/src/chrome/common/ipc_channel_win.cc, line 341
[Child 23260, Chrome_ChildThread] WARNING: pipe error: 109: file z:/task_1568047110/build/src/ipc/chromium/src/chrome/common/ipc_channel_win.cc, line 341
[Child 23260,1568540940176	Marionette	INFO	Stopped listening on port 58522

###!!! [Child][RunMessage] Error: Channel closing: too late to send/recv, messages will be lost

[
###!!! [Child][MessageChannel::SendAndWait] Error: Channel error: cannot send/recv

: about:reader*
JavaScript error: resource://gre/modules/XULStore.jsm, line 66: Error: Can't find profile directory.
1568540936891	Marionette	INFO	Listening on port 58565
1568540937206	Marionette	WARN	TLS certificate errors will be ignored for this session
[Parent 18172, Gecko_IOThread] WARNING: pipe error: 109: file z:/task_1568047110/build/src/ipc/chromium/src/chrome/common/ipc_channel_win.cc, line 341
[Child 24068, Chrome_ChildThread] WARNING: pipe error: 109: file z:/task_1568047110/build/src/ipc/chromium/src/chrome/commo[nC/ipc_channel_hild 23908, Chrome_ChildThread] WARNING: pipe werror: 109: file z:/task_1568047110/build/srci/ipc/chronmium/src/.cchrome/comc,mon/ipc_channel_win.cc,  line 341
[Child 23908, Cline 341
[Chil[Parent 18172, Gecko_IOThread] WARNING: pipe error: 109: file z:/task_1568047110/build/src/ipc/chromium/src/chrome/common/ipc_channel_win.cc, line 341
1568540938685	Marionette	INFO	Stopped listening on port 58565
[GPU 
###!!! [Child][RunMessage] Error: Channel closing: too late to send/recv, messages will be lost

2
###!!! [Child][MessageChannel::SendAndWait] Error: Channel error: cannot send/recv

1568540947597	mozrunner::runner	INFO	Running command: "C:\\Program Files\\Firefox Developer Edition\\firefox.exe" "-marionette" "-foreground" "-no-remote" "-profile" "C:\\Users\\Sedigheh\\AppData\\Local\\Temp\\rust_mozprofilep0GFPD"
1568540948578	addons.webextension.screenshots@mozilla.org	WARN	Loading extension 'screenshots@mozilla.org': Reading manifest: Invalid extension permission: mozillaAddons
1568540948578	addons.webextension.screenshots@mozilla.org	WARN	Loading extension 'screenshots@mozilla.org': Reading manifest: Invalid extension permission: telemetry
1568540948579	addons.webextension.screenshots@mozilla.org	WARN	Loading extension 'screenshots@mozilla.org': Reading manifest: Invalid extension permission: resource://pdf.js/
1568540948579	addons.webextension.screenshots@mozilla.org	WARN	Loading extension 'screenshots@mozilla.org': Reading manifest: Invalid extension permission: about:reader*
JavaScript error: resource://gre/modules/XULStore.jsm, line 66: Error: Can't find profile directory.
1568540951507	Marionette	INFO	Listening on port 58604
1568540951848	Marionette	WARN	TLS certificate errors will be ignored for this session
JavaScript warning: http://www.tsetmc.com/loader.aspx?ParTree=151311&i=14398278072324784, line 4: unreachable code after return statement
JavaScript warning: http://www.tsetmc.com/loader.aspx?ParTree=151311&i=14398278072324784, line 1: unreachable code after return statement
JavaScript warning: http://www.tsetmc.com/loader.aspx?ParTree=151311&i=14398278072324784 line 1 > scriptElement, line 1: unreachable code after return statement
JavaScript warning: http://www.tsetmc.com/loader.aspx?ParTree=151311&i=14398278072324784 line 1 > scriptElement, line 4: unreachable code after return statement
JavaScript warning: http://www.tsetmc.com/loader.aspx?ParTree=151311&i=14398278072324784 line 1 > scriptElement, line 4: unreachable code after return statement
JavaScript warning: http://www.tsetmc.com/loader.aspx?ParTree=151311&i=14398278072324784, line 4: unreachable code after return statement
JavaScript warning: http://www.tsetmc.com/loader.aspx?ParTree=151311&i=14398278072324784, line 1: unreachable code after return statement
JavaScript warning: http://www.tsetmc.com/loader.aspx?ParTree=151311&i=14398278072324784 line 1 > scriptElement, line 1: unreachable code after return statement
JavaScript warning: http://www.tsetmc.com/loader.aspx?ParTree=151311&i=14398278072324784 line 1 > scriptElement, line 4: unreachable code after return statement
[Parent 24184, Gecko_IOThread] WARNING: pipe error: 109: file z:/task_1568047110/build/src/ipc/chromium/src/chrome/common/ipc_channel_win.cc, line 341
[Parent 24184, Gecko_IOThread] WARNING: pipe error: 109: file z:/task_1568047110/build/src/ipc/chromium/src/chrome/common/ipc_channel_win.cc, line 341
[Child 23776, Chrome_ChildThread] WARNING: pipe error: 109: file z:/task_1568047110/build/src/ipc/chromium/src/chrome/common/ipc_channel_win.cc, line [C341
hil[Cd 237h6i4, Chrome_ChildThread] WARNING: pipe error: 109: file z:/task_1568047110/build/src/ipc/chromium/src/chrome/common/ipc_channel_win.cc, line 341
[Child 23764,[Child 21128, Chrome_ChildThread] WARNING: pipe error: 109: file z:/task_1568047110/build/src/ipc/chromium/src/chrome/common/ipc_channel_win.cc, line 341
[Child 211568542279566	Marionette	INFO	Stopped listening on port 58604

###!!! [Child][RunMessage] Error: Channel closing: too late to send/recv, messages will be lost

[GPU 1568748824831	mozrunner::runner	INFO	Running command: "C:\\Program Files\\Firefox Developer Edition\\firefox.exe" "-marionette" "-foreground" "-no-remote" "-profile" "C:\\Users\\Sedigheh\\AppData\\Local\\Temp\\rust_mozprofiledowZEI"
1568748825348	addons.webextension.screenshots@mozilla.org	WARN	Loading extension 'screenshots@mozilla.org': Reading manifest: Invalid extension permission: mozillaAddons
1568748825348	addons.webextension.screenshots@mozilla.org	WARN	Loading extension 'screenshots@mozilla.org': Reading manifest: Invalid extension permission: telemetry
1568748825349	addons.webextension.screenshots@mozilla.org	WARN	Loading extension 'screenshots@mozilla.org': Reading manifest: Invalid extension permission: resource://pdf.js/
1568748825349	addons.webextension.screenshots@mozilla.org	WARN	Loading extension 'screenshots@mozilla.org': Reading manifest: Invalid extension permission: about:reader*
JavaScript error: resource://gre/modules/XULStore.jsm, line 66: Error: Can't find profile directory.
1568748827137	Marionette	INFO	Listening on port 55951
1568748827475	Marionette	WARN	TLS certificate errors will be ignored for this session
JavaScript warning: http://www.tsetmc.com/loader.aspx?ParTree=151311&i=14398278072324784, line 4: unreachable code after return statement
JavaScript warning: http://www.tsetmc.com/loader.aspx?ParTree=151311&i=14398278072324784, line 1: unreachable code after return statement
JavaScript warning: http://www.tsetmc.com/loader.aspx?ParTree=151311&i=14398278072324784 line 1 > scriptElement, line 1: unreachable code after return statement
JavaScript warning: http://www.tsetmc.com/loader.aspx?ParTree=151311&i=14398278072324784 line 1 > scriptElement, line 4: unreachable code after return statement
JavaScript warning: http://www.tsetmc.com/loader.aspx?ParTree=151311&i=14398278072324784, line 4: unreachable code after return statement
JavaScript warning: http://www.tsetmc.com/loader.aspx?ParTree=151311&i=14398278072324784, line 1: unreachable code after return statement
JavaScript warning: http://www.tsetmc.com/loader.aspx?ParTree=151311&i=14398278072324784 line 1 > scriptElement, line 1: unreachable code after return statement
JavaScript warning: http://www.tsetmc.com/loader.aspx?ParTree=151311&i=14398278072324784 line 1 > scriptElement, line 4: unreachable code after return statement
[Child 16656, Chrome_ChildThread] WARNING: pipe error: 1[Pare09: file z:/task_1568047nt 2552, Gecko_IOThread] WARNING: pipe error: 109: 110/bfile z:/task_1568uild/047110/src/ipcbuild/src/ipc/chromium/src//chromium/src/chrome/cchromommon/ipc_chae/comnnel_wimon/ipc_channn.cc, lel_win.cc, linine 341e 341

[Child 16656, Chrom[Parent 2552, Gecko_IOThread] WARNING: pipe error: 109: file z:/task_1568047110/build/src/ipc/chromium/src/chrome/common/ipc_channel_win.cc, line 341
[Child 9424, Chrome_ChildThread] WARNING: pipe error: 109: file z:/task_1568047110/build/src/ipc/chromium/src/chrome/common/ipc_channel_win.cc, line 341
[Child 94241568748914097	Marionette	INFO	Stopped listening on port 55951
[GPU 
###!!! [Child][RunMessage] Error: Channel closing: too late to send/recv, messages will be lost

1
###!!! [Child][MessageChannel::SendAndWait] Error: Channel error: cannot send/recv

1568797451621	mozrunner::runner	INFO	Running command: "D:\\Mozilla Firefox\\firefox.exe" "-marionette" "-foreground" "-no-remote" "-profile" "C:\\Users\\Sedigheh\\AppData\\Local\\Temp\\rust_mozprofilebudMvU"
*** You are running in headless mode.
1568797452632	addons.webextension.screenshots@mozilla.org	WARN	Loading extension 'screenshots@mozilla.org': Reading manifest: Invalid extension permission: mozillaAddons
1568797452632	addons.webextension.screenshots@mozilla.org	WARN	Loading extension 'screenshots@mozilla.org': Reading manifest: Invalid extension permission: telemetry
1568797452632	addons.webextension.screenshots@mozilla.org	WARN	Loading extension 'screenshots@mozilla.org': Reading manifest: Invalid extension permission: resource://pdf.js/
1568797452633	addons.webextension.screenshots@mozilla.org	WARN	Loading extension 'screenshots@mozilla.org': Reading manifest: Invalid extension permission: about:reader*
JavaScript error: resource://gre/modules/XULStore.jsm, line 66: Error: Can't find profile directory.
1568797455646	Marionette	INFO	Listening on port 59626
1568797455878	Marionette	WARN	TLS certificate errors will be ignored for this session
JavaScript warning: http://www.tsetmc.com/loader.aspx?ParTree=151311&i=14398278072324784, line 4: unreachable code after return statement
JavaScript warning: http://www.tsetmc.com/loader.aspx?ParTree=151311&i=14398278072324784, line 1: unreachable code after return statement
JavaScript warning: http://www.tsetmc.com/loader.aspx?ParTree=151311&i=14398278072324784 line 1 > scriptElement, line 1: unreachable code after return statement
JavaScript warning: http://www.tsetmc.com/loader.aspx?ParTree=151311&i=14398278072324784 line 1 > scriptElement, line 4: unreachable code after return statement
JavaScript warning: http://www.tsetmc.com/loader.aspx?ParTree=151311&i=14398278072324784 line 1 > scriptElement, line 4: unreachable code after return statement
1569174280101	mozrunner::runner	INFO	Running command: "D:\\Mozilla Firefox\\firefox.exe" "-marionette" "-foreground" "-no-remote" "-profile" "C:\\Users\\Sedigheh\\AppData\\Local\\Temp\\rust_mozprofileiGyu82"
*** You are running in headless mode.
1569174281227	addons.webextension.screenshots@mozilla.org	WARN	Loading extension 'screenshots@mozilla.org': Reading manifest: Invalid extension permission: mozillaAddons
1569174281227	addons.webextension.screenshots@mozilla.org	WARN	Loading extension 'screenshots@mozilla.org': Reading manifest: Invalid extension permission: telemetry
1569174281228	addons.webextension.screenshots@mozilla.org	WARN	Loading extension 'screenshots@mozilla.org': Reading manifest: Invalid extension permission: resource://pdf.js/
1569174281228	addons.webextension.screenshots@mozilla.org	WARN	Loading extension 'screenshots@mozilla.org': Reading manifest: Invalid extension permission: about:reader*
JavaScript error: resource://gre/modules/XULStore.jsm, line 66: Error: Can't find profile directory.
1569174283831	Marionette	INFO	Listening on port 59284
1569174284262	Marionette	WARN	TLS certificate errors will be ignored for this session
JavaScript warning: http://www.tsetmc.com/loader.aspx?ParTree=151311&i=14398278072324784, line 4: unreachable code after return statement
JavaScript warning: http://www.tsetmc.com/loader.aspx?ParTree=151311&i=14398278072324784, line 1: unreachable code after return statement
JavaScript warning: http://www.tsetmc.com/loader.aspx?ParTree=151311&i=14398278072324784 line 1 > scriptElement, line 1: unreachable code after return statement
JavaScript warning: http://www.tsetmc.com/loader.aspx?ParTree=151311&i=14398278072324784 line 1 > scriptElement, line 4: unreachable code after return statement
JavaScript warning: http://www.tsetmc.com/loader.aspx?ParTree=151311&i=14398278072324784 line 1 > scriptElement, line 4: unreachable code after return statement
1569666677520	mozrunner::runner	INFO	Running command: "C:\\Program Files\\Firefox Developer Edition\\firefox.exe" "-marionette" "-foreground" "-no-remote" "-profile" "C:\\Users\\Sedigheh\\AppData\\Local\\Temp\\rust_mozprofilelipGJW"
1569666679514	addons.webextension.screenshots@mozilla.org	WARN	Loading extension 'screenshots@mozilla.org': Reading manifest: Invalid extension permission: mozillaAddons
1569666679514	addons.webextension.screenshots@mozilla.org	WARN	Loading extension 'screenshots@mozilla.org': Reading manifest: Invalid extension permission: telemetry
1569666679515	addons.webextension.screenshots@mozilla.org	WARN	Loading extension 'screenshots@mozilla.org': Reading manifest: Invalid extension permission: resource://pdf.js/
1569666679515	addons.webextension.screenshots@mozilla.org	WARN	Loading extension 'screenshots@mozilla.org': Reading manifest: Invalid extension permission: about:reader*
JavaScript error: resource://gre/modules/XULStore.jsm, line 66: Error: Can't find profile directory.
1569666682433	Marionette	INFO	Listening on port 57120
1569666682961	Marionette	WARN	TLS certificate errors will be ignored for this session
JavaScript error: https://rahavard365.com/bundles/appscripts?v=l0rWoa1pWy-zdkbi7BG_ULbS-IebJfp2fVblZ8p_Nig1, line 4667: TypeError: $next[0] is undefined
[Parent 12160, Gecko_IOThread] WARNING: pipe error: 109: file z:/task_1568047110/build/src/ipc/chromium/src/chrome/common/ipc_channel_win.cc, line 341
[Parent 12160, Gecko_IOThread] WARNING: pipe error: 109: file z:/task_1568047110/build/src/ipc/chromium/src/chrome/common/ipc_channel_win.cc, line 341
[Child 1924, Chrome_ChildThread] WARNING: pipe error: 109: file z:/task_1568047110/build/src/ipc/chromium/[src/chrome/common/ipc_channeChild l9_8w4i8n,. Chrome_cChildcT, line 341
h[Child 1924, Chrome_read] WARNING: pipe error: 109: file z:/task_1568047110/build/src/ipc/chromium/src/chrome/common/ipc_channel_win.cc, line 341
[C[Parent 12160, Gecko_IOThread] WARNING: pipe error: 109: file z:/task_1568047110/build/src/ipc/chromium/src/chrome/common/ipc_channel_win.cc, line 341
[Child 2004, Chrome_ChildThread] WARNING: pipe error: 109: file z:/task_1568047110/build/src/ipc/chromium/src/chrome/common/ipc_channel_win.cc, line 341
[Child 2001569667563188	Marionette	INFO	Stopped listening on port 57120
[G
###!!! [Child][MessageChannel::SendAndWait] Error: Channel error: cannot send/recv

1569669605584	mozrunner::runner	INFO	Running command: "C:\\Program Files\\Firefox Developer Edition\\firefox.exe" "-marionette" "-foreground" "-no-remote" "-profile" "C:\\Users\\Sedigheh\\AppData\\Local\\Temp\\rust_mozprofileOkpPKv"
1569669606532	addons.webextension.screenshots@mozilla.org	WARN	Loading extension 'screenshots@mozilla.org': Reading manifest: Invalid extension permission: mozillaAddons
1569669606532	addons.webextension.screenshots@mozilla.org	WARN	Loading extension 'screenshots@mozilla.org': Reading manifest: Invalid extension permission: telemetry
1569669606532	addons.webextension.screenshots@mozilla.org	WARN	Loading extension 'screenshots@mozilla.org': Reading manifest: Invalid extension permission: resource://pdf.js/
1569669606533	addons.webextension.screenshots@mozilla.org	WARN	Loading extension 'screenshots@mozilla.org': Reading manifest: Invalid extension permission: about:reader*
JavaScript error: resource://gre/modules/XULStore.jsm, line 66: Error: Can't find profile directory.
1569669609617	Marionette	INFO	Listening on port 58477
1569669609837	Marionette	WARN	TLS certificate errors will be ignored for this session
JavaScript error: https://rahavard365.com/bundles/appscripts?v=l0rWoa1pWy-zdkbi7BG_ULbS-IebJfp2fVblZ8p_Nig1, line 4667: TypeError: $next[0] is undefined
[Parent 11420, Gecko_IOThread] WARNING: pipe error: 109: file z:/task_1568047110/build/src/ipc/chromium/src/chrome/common/ipc_channel_win.cc, line 341
[Parent 11420, Gecko_IOThread] WARNING: pipe error: 109: file z:/task_1568047110/build/src/ipc/chromium/src/chrome/common/ipc_channel_win.cc, line 341
[Child 9168, Chrome_ChildThread] WARNING: pipe error: 109: file z:/task_1568047110/buil[dChild 27/src/ipc/chromiu68, Chrmome/_ChildThread] WARNING: pipe errors:r c1/0c9h:r ofmiel/ec ozmmon/ipc_channel_win.cc, line 341
:/task_[Child 91568047110/build/src/ipc/chromium/src/chrome/common/ipc_channel_win.cc, line 341
[Child 2768, Chr[Parent 11420, Gecko_IOThread] WARNING: pipe error: 109: file z:/task_1568047110/build/src/ipc/chromium/src/chrome/common/ipc_channel_win.cc, line 341
[Child 12584, Chrome_ChildThread] WARNING: pipe error: 109: file z:/task_1568047110/build/src/ipc/chromium/src/chrome/common/ipc_channel_win.cc, line 341
[Child 11569669746524	Marionette	INFO	Stopped listening on port 58477

###!!! [Child][RunMessage] Error: Channel closing: too late to send/recv, messages will be lost

[
###!!! [Child][MessageChannel::SendAndWait] Error: Channel error: cannot send/recv

